<?xml version="1.0" encoding="UTF-8"?>
<!-- Generated by org.testng.reporters.JUnitReportReporter -->
<testsuite skipped="0" hostname="LAPTOP-C4QLKEEG" name="practice1.DataProviderTaskTest" tests="5" failures="0" timestamp="2021-12-26T16:15:59 IST" time="0.031" errors="0">
  <testcase name="readDataFromDataProviderTest" time="0.015" classname="practice1.DataProviderTaskTest"/>
  <system-out/>
  <testcase name="readDataFromDataProviderTest" time="0.000" classname="practice1.DataProviderTaskTest"/>
  <system-out/>
  <testcase name="readDataFromDataProviderTest" time="0.016" classname="practice1.DataProviderTaskTest"/>
  <system-out/>
  <testcase name="readDataFromDataProviderTest" time="0.000" classname="practice1.DataProviderTaskTest"/>
  <system-out/>
  <testcase name="readDataFromDataProviderTest" time="0.000" classname="practice1.DataProviderTaskTest"/>
  <system-out/>
</testsuite> <!-- practice1.DataProviderTaskTest -->
