<?xml version="1.0" encoding="UTF-8"?>
<!-- Generated by org.testng.reporters.JUnitReportReporter -->
<testsuite skipped="0" hostname="LAPTOP-C4QLKEEG" name="com.crm.autoDesk.orgTest.CheckWhileCreatingNewOrgTypeDropDownIsWorkingOrNot" tests="1" failures="0" timestamp="2021-12-27T12:57:56 IST" time="23.874" errors="0">
  <testcase name="checkWhileCreatingNewOrgTypeDropDownIsWorkingOrNotTest" time="23.874" classname="com.crm.autoDesk.orgTest.CheckWhileCreatingNewOrgTypeDropDownIsWorkingOrNot"/>
  <system-out/>
</testsuite> <!-- com.crm.autoDesk.orgTest.CheckWhileCreatingNewOrgTypeDropDownIsWorkingOrNot -->
