<?xml version="1.0" encoding="UTF-8"?>
<!-- Generated by org.testng.reporters.JUnitReportReporter -->
<testsuite skipped="0" hostname="LAPTOP-C4QLKEEG" name="Serialization.EmployeArrayDetails" tests="1" failures="0" timestamp="2022-01-27T12:59:22 IST" time="0.656" errors="0">
  <testcase name="serialization" time="0.656" classname="Serialization.EmployeArrayDetails"/>
  <system-out/>
</testsuite> <!-- Serialization.EmployeArrayDetails -->
