<?xml version="1.0" encoding="UTF-8"?>
<!-- Generated by org.testng.reporters.JUnitReportReporter -->
<testsuite skipped="0" hostname="LAPTOP-C4QLKEEG" name="Serialization.EmployeDetailsWithSpouse" tests="1" failures="0" timestamp="2022-01-27T13:11:04 IST" time="0.549" errors="0">
  <testcase name="serialization" time="0.549" classname="Serialization.EmployeDetailsWithSpouse"/>
  <system-out/>
</testsuite> <!-- Serialization.EmployeDetailsWithSpouse -->
