<?xml version="1.0" encoding="UTF-8"?>
<!-- Generated by org.testng.reporters.JUnitReportReporter -->
<testsuite skipped="0" hostname="LAPTOP-C4QLKEEG" name="Serialization.EmployeDetails" tests="1" failures="0" timestamp="2022-01-27T12:50:13 IST" time="0.636" errors="0">
  <testcase name="serialization" time="0.636" classname="Serialization.EmployeDetails"/>
  <system-out/>
</testsuite> <!-- Serialization.EmployeDetails -->
