<?xml version="1.0" encoding="UTF-8"?>
<!-- Generated by org.testng.reporters.JUnitReportReporter -->
<testsuite skipped="0" hostname="LAPTOP-C4QLKEEG" name="practice1.DataProviderPracticeTest" tests="3" failures="0" timestamp="2021-12-23T17:46:09 IST" time="0.016" errors="0">
  <testcase name="readDataFromDataProviderTest" time="0.000" classname="practice1.DataProviderPracticeTest"/>
  <system-out/>
  <testcase name="readDataFromDataProviderTest" time="0.016" classname="practice1.DataProviderPracticeTest"/>
  <system-out/>
  <testcase name="readDataFromDataProviderTest" time="0.000" classname="practice1.DataProviderPracticeTest"/>
  <system-out/>
</testsuite> <!-- practice1.DataProviderPracticeTest -->
