<?xml version="1.0" encoding="UTF-8"?>
<!-- Generated by org.testng.reporters.JUnitReportReporter -->
<testsuite skipped="0" hostname="LAPTOP-C4QLKEEG" name="Serialization.Deserialization" tests="1" failures="0" timestamp="2022-01-27T14:02:20 IST" time="0.777" errors="0">
  <testcase name="deserialization" time="0.777" classname="Serialization.Deserialization"/>
  <system-out/>
</testsuite> <!-- Serialization.Deserialization -->
